<?xml version="1.0" encoding="UTF-8"?>
<!-- Generated by org.testng.reporters.JUnitXMLReporter -->
<testsuite hostname="MichaelVu-PC" ignored="0" name="Default test" tests="4" failures="0" timestamp="2019-08-27T13:49:01 EDT" time="51.305" errors="0">
  <testcase name="sampleTest" time="0.003" classname="tests.BaseClass"/>
  <testcase name="loginTest" time="8.963" classname="tests.Tests"/>
  <testcase name="testOne" time="11.153" classname="tests.Tests"/>
  <testcase name="testTwo" time="7.002" classname="tests.Tests"/>
</testsuite> <!-- Default test -->
